
2023/09/29 (15:19:06) | ===> btop++ v.1.2.13
2023/09/29 (15:19:06) | ERROR: Invalid size of hex value: 001E1E2E

2023/10/02 (12:00:49) | ===> btop++ v.1.2.13
2023/10/02 (12:00:49) | ERROR: Invalid size of hex value: 001E1E2E

2023/10/02 (17:23:37) | ===> btop++ v.1.2.13
2023/10/02 (17:23:37) | ERROR: Invalid size of hex value: 001E1E2E

2023/10/28 (10:59:38) | ===> btop++ v.1.2.13
2023/10/28 (10:59:38) | ERROR: Invalid size of hex value: 001E1E2E

2023/10/30 (18:49:51) | ===> btop++ v.1.2.13
2023/10/30 (18:49:51) | ERROR: Invalid size of hex value: 001E1E2E

2023/10/30 (19:22:08) | ===> btop++ v.1.2.13
2023/10/30 (19:22:08) | ERROR: Invalid size of hex value: 001E1E2E

2023/11/02 (23:39:06) | ===> btop++ v.1.2.13
2023/11/02 (23:39:06) | ERROR: Invalid size of hex value: 001E1E2E

2023/11/03 (00:44:24) | ===> btop++ v.1.2.13
2023/11/03 (00:44:24) | ERROR: Invalid size of hex value: 001E1E2E

2023/11/27 (19:03:25) | ===> btop++ v.1.2.13
2023/11/27 (19:03:25) | ERROR: Invalid size of hex value: 001E1E2E

2023/11/27 (19:04:18) | ===> btop++ v.1.2.13
2023/11/27 (19:04:18) | ERROR: Invalid size of hex value: 001E1E2E

2023/12/04 (15:26:29) | ===> btop++ v.1.2.13
2023/12/04 (15:26:29) | ERROR: Invalid size of hex value: 001E1E2E

2023/12/06 (17:12:34) | ===> btop++ v.1.2.13
2023/12/06 (17:12:34) | ERROR: Invalid size of hex value: 001E1E2E

2023/12/06 (17:24:52) | ===> btop++ v.1.2.13
2023/12/06 (17:24:52) | ERROR: Invalid size of hex value: 001E1E2E

2023/12/21 (10:30:55) | ===> btop++ v.1.2.13
2023/12/21 (10:30:55) | ERROR: Invalid size of hex value: 001E1E2E

2023/12/21 (10:46:15) | ===> btop++ v.1.2.13
2023/12/21 (10:46:15) | ERROR: Invalid size of hex value: 001E1E2E

2023/12/23 (18:26:11) | ===> btop++ v.1.2.13
2023/12/23 (18:26:11) | ERROR: Invalid size of hex value: 001E1E2E

2023/12/25 (17:05:26) | ===> btop++ v.1.2.13
2023/12/25 (17:05:26) | ERROR: Invalid size of hex value: 001E1E2E

2023/12/25 (17:48:50) | ===> btop++ v.1.2.13
2023/12/25 (17:48:50) | ERROR: Invalid size of hex value: 001E1E2E

2023/12/25 (23:30:24) | ===> btop++ v.1.2.13
2023/12/25 (23:30:24) | ERROR: Invalid size of hex value: 001E1E2E

2023/12/25 (23:55:47) | ===> btop++ v.1.2.13
2023/12/25 (23:55:47) | ERROR: Invalid size of hex value: 001E1E2E

2023/12/25 (23:56:17) | ===> btop++ v.1.2.13
2023/12/25 (23:56:17) | ERROR: Invalid size of hex value: 001E1E2E

2023/12/27 (19:21:58) | ===> btop++ v.1.2.13
2023/12/27 (19:21:58) | ERROR: Invalid size of hex value: 001E1E2E

2023/12/27 (19:37:16) | ===> btop++ v.1.2.13
2023/12/27 (19:37:16) | ERROR: Invalid size of hex value: 001E1E2E

2023/12/30 (19:32:57) | ===> btop++ v.1.2.13
2023/12/30 (19:32:57) | ERROR: Invalid size of hex value: 001E1E2E

2023/12/30 (19:33:06) | ===> btop++ v.1.2.13
2023/12/30 (19:33:06) | ERROR: Invalid size of hex value: 001E1E2E

2023/12/30 (19:33:16) | ===> btop++ v.1.2.13
2023/12/30 (19:33:16) | ERROR: Invalid size of hex value: 001E1E2E

2024/01/04 (18:50:42) | ===> btop++ v.1.2.13
2024/01/04 (18:50:42) | ERROR: Invalid size of hex value: 001E1E2E

2024/01/11 (17:29:01) | ===> btop++ v.1.3.0
2024/01/11 (17:29:01) | WARNING: NVML: Failed to get maximum GPU power draw, defaulting to 225W: Not Supported
2024/01/11 (17:29:01) | ERROR: Invalid size of hex value: 001E1E2E

2024/01/13 (18:15:54) | ===> btop++ v.1.3.0
2024/01/13 (18:15:54) | WARNING: NVML: Failed to get maximum GPU power draw, defaulting to 225W: Not Supported
2024/01/13 (18:15:54) | ERROR: Invalid size of hex value: 001E1E2E

2024/01/13 (18:16:51) | ===> btop++ v.1.3.0
2024/01/13 (18:16:51) | WARNING: NVML: Failed to get maximum GPU power draw, defaulting to 225W: Not Supported
2024/01/13 (18:16:51) | ERROR: Invalid size of hex value: 001E1E2E

2024/01/13 (18:17:21) | ===> btop++ v.1.3.0
2024/01/13 (18:17:21) | WARNING: NVML: Failed to get maximum GPU power draw, defaulting to 225W: Not Supported
2024/01/13 (18:17:21) | ERROR: Invalid size of hex value: 001E1E2E
2024/01/13 (18:17:56) | ERROR: Invalid size of hex value: 001E1E2E
2024/01/13 (18:18:39) | ERROR: Exception during Config::unlock() : unordered_map::at

2024/01/13 (18:18:46) | ===> btop++ v.1.3.0
2024/01/13 (18:18:46) | WARNING: NVML: Failed to get maximum GPU power draw, defaulting to 225W: Not Supported
2024/01/13 (18:18:46) | ERROR: Invalid size of hex value: 001E1E2E
2024/01/13 (18:18:49) | ERROR: Exception during Config::unlock() : unordered_map::at

2024/01/13 (18:18:50) | ===> btop++ v.1.3.0
2024/01/13 (18:18:50) | WARNING: NVML: Failed to get maximum GPU power draw, defaulting to 225W: Not Supported
2024/01/13 (18:18:50) | ERROR: Invalid size of hex value: 001E1E2E

2024/01/13 (18:20:51) | ===> btop++ v.1.3.0
2024/01/13 (18:20:51) | WARNING: NVML: Failed to get maximum GPU power draw, defaulting to 225W: Not Supported
2024/01/13 (18:20:51) | ERROR: Invalid size of hex value: 001E1E2E

2024/01/13 (18:55:32) | ===> btop++ v.1.3.0
2024/01/13 (18:55:32) | WARNING: NVML: Failed to get maximum GPU power draw, defaulting to 225W: Not Supported
2024/01/13 (18:55:32) | ERROR: Invalid size of hex value: 001E1E2E
2024/01/13 (18:56:11) | WARNING: NVML: Failed to get GPU power usage: Unknown Error
2024/01/13 (18:57:06) | WARNING: NVML: Failed to get GPU power usage: Unknown Error

2024/01/16 (20:36:52) | ===> btop++ v.1.3.0
2024/01/16 (20:36:52) | WARNING: NVML: Failed to get maximum GPU power draw, defaulting to 225W: Not Supported
2024/01/16 (20:36:52) | ERROR: Invalid size of hex value: 001E1E2E

2024/01/30 (18:50:47) | ===> btop++ v.1.3.0
2024/01/30 (18:50:47) | WARNING: NVML: Failed to get maximum GPU power draw, defaulting to 225W: Not Supported
2024/01/30 (18:50:47) | ERROR: Invalid size of hex value: 001E1E2E

2024/01/31 (23:11:22) | ===> btop++ v.1.3.0
2024/01/31 (23:11:22) | WARNING: NVML: Failed to get maximum GPU power draw, defaulting to 225W: Not Supported
2024/01/31 (23:11:22) | ERROR: Invalid size of hex value: 001E1E2E

2024/03/31 (19:26:18) | ===> btop++ v.1.3.2
2024/03/31 (19:26:18) | WARNING: NVML: Failed to get maximum GPU power draw, defaulting to 225W: Not Supported
2024/03/31 (19:26:18) | ERROR: Invalid size of hex value: 001E1E2E

2024/04/01 (08:13:05) | ===> btop++ v.1.3.2
2024/04/01 (08:13:05) | WARNING: NVML: Failed to get maximum GPU power draw, defaulting to 225W: Not Supported
2024/04/01 (08:13:05) | ERROR: Invalid size of hex value: 001E1E2E

2024/04/04 (01:02:24) | ===> btop++ v.1.3.2
2024/04/04 (01:02:24) | WARNING: NVML: Failed to get maximum GPU power draw, defaulting to 225W: Not Supported
2024/04/04 (01:02:24) | ERROR: Invalid size of hex value: 001E1E2E

2024/04/29 (22:27:03) | ===> btop++ v.1.3.2
2024/04/29 (22:27:03) | WARNING: NVML: Failed to get maximum GPU power draw, defaulting to 225W: Not Supported
2024/04/29 (22:27:03) | ERROR: Invalid size of hex value: 001E1E2E
