1690252381.433629 client started (2240): version 3.3a, socket /tmp/tmux-1000/default, protocol 8
1690252381.433641 on Linux 6.1.21.2-microsoft-standard-WSL2 #1 SMP Sat May 27 18:20:14 EDT 2023
1690252381.433643 using libevent 2.1.12-stable (poll); ncurses 6.4
1690252381.433649 flags are 0x18010000
1690252381.433650 socket is /tmp/tmux-1000/default
1690252381.433655 trying connect
1690252381.433661 connect failed: No such file or directory
1690252381.433664 lock file is /tmp/tmux-1000/default.lock
1690252381.433669 flock succeeded
1690252381.433670 got lock (6)
1690252381.433671 trying connect
1690252381.433674 connect failed: No such file or directory
1690252381.433791 add peer 0x556b28f1f420: 7 ((nil))
1690252381.433981 sending message 100 to peer 0x556b28f1f420 (4 bytes)
1690252381.433985 sending message 111 to peer 0x556b28f1f420 (8 bytes)
1690252381.433987 sending message 101 to peer 0x556b28f1f420 (15 bytes)
1690252381.433988 sending message 109 to peer 0x556b28f1f420 (4 bytes)
1690252381.433989 sending message 102 to peer 0x556b28f1f420 (11 bytes)
1690252381.433991 sending message 108 to peer 0x556b28f1f420 (24 bytes)
1690252381.433992 sending message 112 to peer 0x556b28f1f420 (58 bytes)
1690252381.433994 sending message 112 to peer 0x556b28f1f420 (5 bytes)
1690252381.433995 sending message 112 to peer 0x556b28f1f420 (5 bytes)
1690252381.433997 sending message 112 to peer 0x556b28f1f420 (6 bytes)
1690252381.433998 sending message 112 to peer 0x556b28f1f420 (6 bytes)
1690252381.433999 sending message 112 to peer 0x556b28f1f420 (11 bytes)
1690252381.434001 sending message 112 to peer 0x556b28f1f420 (10 bytes)
1690252381.434002 sending message 112 to peer 0x556b28f1f420 (13 bytes)
1690252381.434003 sending message 112 to peer 0x556b28f1f420 (14 bytes)
1690252381.434005 sending message 112 to peer 0x556b28f1f420 (19 bytes)
1690252381.434006 sending message 112 to peer 0x556b28f1f420 (11 bytes)
1690252381.434008 sending message 112 to peer 0x556b28f1f420 (10 bytes)
1690252381.434009 sending message 112 to peer 0x556b28f1f420 (15 bytes)
1690252381.434010 sending message 112 to peer 0x556b28f1f420 (21 bytes)
1690252381.434012 sending message 112 to peer 0x556b28f1f420 (13 bytes)
1690252381.434013 sending message 112 to peer 0x556b28f1f420 (7 bytes)
1690252381.434015 sending message 112 to peer 0x556b28f1f420 (13 bytes)
1690252381.434016 sending message 112 to peer 0x556b28f1f420 (7 bytes)
1690252381.434017 sending message 112 to peer 0x556b28f1f420 (13 bytes)
1690252381.434018 sending message 112 to peer 0x556b28f1f420 (9 bytes)
1690252381.434020 sending message 112 to peer 0x556b28f1f420 (21 bytes)
1690252381.434021 sending message 112 to peer 0x556b28f1f420 (13 bytes)
1690252381.434022 sending message 112 to peer 0x556b28f1f420 (9 bytes)
1690252381.434024 sending message 112 to peer 0x556b28f1f420 (16 bytes)
1690252381.434025 sending message 112 to peer 0x556b28f1f420 (13 bytes)
1690252381.434026 sending message 112 to peer 0x556b28f1f420 (9 bytes)
1690252381.434028 sending message 112 to peer 0x556b28f1f420 (9 bytes)
1690252381.434029 sending message 112 to peer 0x556b28f1f420 (12 bytes)
1690252381.434030 sending message 112 to peer 0x556b28f1f420 (8 bytes)
1690252381.434032 sending message 112 to peer 0x556b28f1f420 (8 bytes)
1690252381.434033 sending message 112 to peer 0x556b28f1f420 (13 bytes)
1690252381.434034 sending message 112 to peer 0x556b28f1f420 (7 bytes)
1690252381.434036 sending message 112 to peer 0x556b28f1f420 (7 bytes)
1690252381.434037 sending message 112 to peer 0x556b28f1f420 (9 bytes)
1690252381.434038 sending message 112 to peer 0x556b28f1f420 (9 bytes)
1690252381.434040 sending message 112 to peer 0x556b28f1f420 (15 bytes)
1690252381.434041 sending message 112 to peer 0x556b28f1f420 (13 bytes)
1690252381.434042 sending message 112 to peer 0x556b28f1f420 (12 bytes)
1690252381.434044 sending message 112 to peer 0x556b28f1f420 (8 bytes)
1690252381.434045 sending message 112 to peer 0x556b28f1f420 (14 bytes)
1690252381.434047 sending message 112 to peer 0x556b28f1f420 (11 bytes)
1690252381.434048 sending message 112 to peer 0x556b28f1f420 (9 bytes)
1690252381.434053 sending message 112 to peer 0x556b28f1f420 (10 bytes)
1690252381.434054 sending message 112 to peer 0x556b28f1f420 (10 bytes)
1690252381.434056 sending message 112 to peer 0x556b28f1f420 (10 bytes)
1690252381.434057 sending message 112 to peer 0x556b28f1f420 (10 bytes)
1690252381.434058 sending message 112 to peer 0x556b28f1f420 (11 bytes)
1690252381.434060 sending message 112 to peer 0x556b28f1f420 (12 bytes)
1690252381.434061 sending message 112 to peer 0x556b28f1f420 (12 bytes)
1690252381.434063 sending message 112 to peer 0x556b28f1f420 (12 bytes)
1690252381.434064 sending message 112 to peer 0x556b28f1f420 (12 bytes)
1690252381.434065 sending message 112 to peer 0x556b28f1f420 (12 bytes)
1690252381.434067 sending message 112 to peer 0x556b28f1f420 (11 bytes)
1690252381.434068 sending message 112 to peer 0x556b28f1f420 (11 bytes)
1690252381.434069 sending message 112 to peer 0x556b28f1f420 (12 bytes)
1690252381.434071 sending message 112 to peer 0x556b28f1f420 (12 bytes)
1690252381.434072 sending message 112 to peer 0x556b28f1f420 (12 bytes)
1690252381.434074 sending message 112 to peer 0x556b28f1f420 (12 bytes)
1690252381.434075 sending message 112 to peer 0x556b28f1f420 (12 bytes)
1690252381.434076 sending message 112 to peer 0x556b28f1f420 (9 bytes)
1690252381.434078 sending message 112 to peer 0x556b28f1f420 (12 bytes)
1690252381.434079 sending message 112 to peer 0x556b28f1f420 (13 bytes)
1690252381.434081 sending message 112 to peer 0x556b28f1f420 (13 bytes)
1690252381.434082 sending message 112 to peer 0x556b28f1f420 (13 bytes)
1690252381.434083 sending message 112 to peer 0x556b28f1f420 (13 bytes)
1690252381.434085 sending message 112 to peer 0x556b28f1f420 (13 bytes)
1690252381.434086 sending message 112 to peer 0x556b28f1f420 (8 bytes)
1690252381.434088 sending message 112 to peer 0x556b28f1f420 (11 bytes)
1690252381.434089 sending message 112 to peer 0x556b28f1f420 (11 bytes)
1690252381.434090 sending message 112 to peer 0x556b28f1f420 (11 bytes)
1690252381.434092 sending message 112 to peer 0x556b28f1f420 (12 bytes)
1690252381.434093 sending message 112 to peer 0x556b28f1f420 (12 bytes)
1690252381.434094 sending message 112 to peer 0x556b28f1f420 (12 bytes)
1690252381.434096 sending message 112 to peer 0x556b28f1f420 (12 bytes)
1690252381.434097 sending message 112 to peer 0x556b28f1f420 (13 bytes)
1690252381.434099 sending message 112 to peer 0x556b28f1f420 (13 bytes)
1690252381.434100 sending message 112 to peer 0x556b28f1f420 (13 bytes)
1690252381.434101 sending message 112 to peer 0x556b28f1f420 (8 bytes)
1690252381.434103 sending message 112 to peer 0x556b28f1f420 (13 bytes)
1690252381.434104 sending message 112 to peer 0x556b28f1f420 (13 bytes)
1690252381.434106 sending message 112 to peer 0x556b28f1f420 (13 bytes)
1690252381.434107 sending message 112 to peer 0x556b28f1f420 (13 bytes)
1690252381.434108 sending message 112 to peer 0x556b28f1f420 (13 bytes)
1690252381.434110 sending message 112 to peer 0x556b28f1f420 (12 bytes)
1690252381.434111 sending message 112 to peer 0x556b28f1f420 (12 bytes)
1690252381.434113 sending message 112 to peer 0x556b28f1f420 (12 bytes)
1690252381.434114 sending message 112 to peer 0x556b28f1f420 (12 bytes)
1690252381.434116 sending message 112 to peer 0x556b28f1f420 (13 bytes)
1690252381.434117 sending message 112 to peer 0x556b28f1f420 (8 bytes)
1690252381.434119 sending message 112 to peer 0x556b28f1f420 (13 bytes)
1690252381.434120 sending message 112 to peer 0x556b28f1f420 (13 bytes)
1690252381.434122 sending message 112 to peer 0x556b28f1f420 (13 bytes)
1690252381.434123 sending message 112 to peer 0x556b28f1f420 (13 bytes)
1690252381.434124 sending message 112 to peer 0x556b28f1f420 (13 bytes)
1690252381.434126 sending message 112 to peer 0x556b28f1f420 (13 bytes)
1690252381.434127 sending message 112 to peer 0x556b28f1f420 (13 bytes)
1690252381.434129 sending message 112 to peer 0x556b28f1f420 (12 bytes)
1690252381.434130 sending message 112 to peer 0x556b28f1f420 (12 bytes)
1690252381.434132 sending message 112 to peer 0x556b28f1f420 (12 bytes)
1690252381.434135 sending message 112 to peer 0x556b28f1f420 (8 bytes)
1690252381.434137 sending message 112 to peer 0x556b28f1f420 (12 bytes)
1690252381.434138 sending message 112 to peer 0x556b28f1f420 (13 bytes)
1690252381.434139 sending message 112 to peer 0x556b28f1f420 (13 bytes)
1690252381.434141 sending message 112 to peer 0x556b28f1f420 (13 bytes)
1690252381.434142 sending message 112 to peer 0x556b28f1f420 (13 bytes)
1690252381.434144 sending message 112 to peer 0x556b28f1f420 (13 bytes)
1690252381.434145 sending message 112 to peer 0x556b28f1f420 (13 bytes)
1690252381.434146 sending message 112 to peer 0x556b28f1f420 (13 bytes)
1690252381.434148 sending message 112 to peer 0x556b28f1f420 (13 bytes)
1690252381.434149 sending message 112 to peer 0x556b28f1f420 (12 bytes)
1690252381.434151 sending message 112 to peer 0x556b28f1f420 (10 bytes)
1690252381.434152 sending message 112 to peer 0x556b28f1f420 (12 bytes)
1690252381.434153 sending message 112 to peer 0x556b28f1f420 (12 bytes)
1690252381.434155 sending message 112 to peer 0x556b28f1f420 (12 bytes)
1690252381.434156 sending message 112 to peer 0x556b28f1f420 (13 bytes)
1690252381.434158 sending message 112 to peer 0x556b28f1f420 (13 bytes)
1690252381.434159 sending message 112 to peer 0x556b28f1f420 (13 bytes)
1690252381.434160 sending message 112 to peer 0x556b28f1f420 (13 bytes)
1690252381.434162 sending message 112 to peer 0x556b28f1f420 (13 bytes)
1690252381.434163 sending message 112 to peer 0x556b28f1f420 (13 bytes)
1690252381.434165 sending message 112 to peer 0x556b28f1f420 (13 bytes)
1690252381.434166 sending message 112 to peer 0x556b28f1f420 (10 bytes)
1690252381.434167 sending message 112 to peer 0x556b28f1f420 (13 bytes)
1690252381.434169 sending message 112 to peer 0x556b28f1f420 (12 bytes)
1690252381.434170 sending message 112 to peer 0x556b28f1f420 (12 bytes)
1690252381.434172 sending message 112 to peer 0x556b28f1f420 (12 bytes)
1690252381.434173 sending message 112 to peer 0x556b28f1f420 (10 bytes)
1690252381.434174 sending message 112 to peer 0x556b28f1f420 (10 bytes)
1690252381.434176 sending message 112 to peer 0x556b28f1f420 (10 bytes)
1690252381.434177 sending message 112 to peer 0x556b28f1f420 (12 bytes)
1690252381.434179 sending message 112 to peer 0x556b28f1f420 (13 bytes)
1690252381.434180 sending message 112 to peer 0x556b28f1f420 (13 bytes)
1690252381.434181 sending message 112 to peer 0x556b28f1f420 (13 bytes)
1690252381.434183 sending message 112 to peer 0x556b28f1f420 (13 bytes)
1690252381.434184 sending message 112 to peer 0x556b28f1f420 (13 bytes)
1690252381.434185 sending message 112 to peer 0x556b28f1f420 (10 bytes)
1690252381.434187 sending message 112 to peer 0x556b28f1f420 (11 bytes)
1690252381.434188 sending message 112 to peer 0x556b28f1f420 (12 bytes)
1690252381.434190 sending message 112 to peer 0x556b28f1f420 (12 bytes)
1690252381.434191 sending message 112 to peer 0x556b28f1f420 (12 bytes)
1690252381.434192 sending message 112 to peer 0x556b28f1f420 (12 bytes)
1690252381.434194 sending message 112 to peer 0x556b28f1f420 (12 bytes)
1690252381.434195 sending message 112 to peer 0x556b28f1f420 (11 bytes)
1690252381.434197 sending message 112 to peer 0x556b28f1f420 (12 bytes)
1690252381.434198 sending message 112 to peer 0x556b28f1f420 (12 bytes)
1690252381.434199 sending message 112 to peer 0x556b28f1f420 (13 bytes)
1690252381.434201 sending message 112 to peer 0x556b28f1f420 (13 bytes)
1690252381.434202 sending message 112 to peer 0x556b28f1f420 (13 bytes)
1690252381.434204 sending message 112 to peer 0x556b28f1f420 (13 bytes)
1690252381.434205 sending message 112 to peer 0x556b28f1f420 (13 bytes)
1690252381.434207 sending message 112 to peer 0x556b28f1f420 (10 bytes)
1690252381.434208 sending message 112 to peer 0x556b28f1f420 (9 bytes)
1690252381.434209 sending message 112 to peer 0x556b28f1f420 (12 bytes)
1690252381.434211 sending message 112 to peer 0x556b28f1f420 (13 bytes)
1690252381.434212 sending message 112 to peer 0x556b28f1f420 (13 bytes)
1690252381.434214 sending message 112 to peer 0x556b28f1f420 (13 bytes)
1690252381.434216 sending message 112 to peer 0x556b28f1f420 (13 bytes)
1690252381.434218 sending message 112 to peer 0x556b28f1f420 (13 bytes)
1690252381.434219 sending message 112 to peer 0x556b28f1f420 (9 bytes)
1690252381.434220 sending message 112 to peer 0x556b28f1f420 (12 bytes)
1690252381.434222 sending message 112 to peer 0x556b28f1f420 (13 bytes)
1690252381.434223 sending message 112 to peer 0x556b28f1f420 (13 bytes)
1690252381.434225 sending message 112 to peer 0x556b28f1f420 (13 bytes)
1690252381.434226 sending message 112 to peer 0x556b28f1f420 (13 bytes)
1690252381.434227 sending message 112 to peer 0x556b28f1f420 (13 bytes)
1690252381.434229 sending message 112 to peer 0x556b28f1f420 (11 bytes)
1690252381.434230 sending message 112 to peer 0x556b28f1f420 (12 bytes)
1690252381.434232 sending message 112 to peer 0x556b28f1f420 (13 bytes)
1690252381.434233 sending message 112 to peer 0x556b28f1f420 (13 bytes)
1690252381.434234 sending message 112 to peer 0x556b28f1f420 (13 bytes)
1690252381.434236 sending message 112 to peer 0x556b28f1f420 (13 bytes)
1690252381.434237 sending message 112 to peer 0x556b28f1f420 (13 bytes)
1690252381.434238 sending message 112 to peer 0x556b28f1f420 (11 bytes)
1690252381.434240 sending message 112 to peer 0x556b28f1f420 (12 bytes)
1690252381.434241 sending message 112 to peer 0x556b28f1f420 (12 bytes)
1690252381.434243 sending message 112 to peer 0x556b28f1f420 (12 bytes)
1690252381.434244 sending message 112 to peer 0x556b28f1f420 (12 bytes)
1690252381.434245 sending message 112 to peer 0x556b28f1f420 (12 bytes)
1690252381.434247 sending message 112 to peer 0x556b28f1f420 (21 bytes)
1690252381.434248 sending message 112 to peer 0x556b28f1f420 (12 bytes)
1690252381.434250 sending message 112 to peer 0x556b28f1f420 (9 bytes)
1690252381.434251 sending message 112 to peer 0x556b28f1f420 (6 bytes)
1690252381.434252 sending message 112 to peer 0x556b28f1f420 (13 bytes)
1690252381.434254 sending message 112 to peer 0x556b28f1f420 (10 bytes)
1690252381.434255 sending message 112 to peer 0x556b28f1f420 (24 bytes)
1690252381.434257 sending message 112 to peer 0x556b28f1f420 (13 bytes)
1690252381.434258 sending message 112 to peer 0x556b28f1f420 (9 bytes)
1690252381.434259 sending message 112 to peer 0x556b28f1f420 (70 bytes)
1690252381.434261 sending message 112 to peer 0x556b28f1f420 (69 bytes)
1690252381.434262 sending message 112 to peer 0x556b28f1f420 (12 bytes)
1690252381.434264 sending message 112 to peer 0x556b28f1f420 (10 bytes)
1690252381.434265 sending message 112 to peer 0x556b28f1f420 (10 bytes)
1690252381.434267 sending message 112 to peer 0x556b28f1f420 (24 bytes)
1690252381.434268 sending message 112 to peer 0x556b28f1f420 (13 bytes)
1690252381.434269 sending message 112 to peer 0x556b28f1f420 (10 bytes)
1690252381.434271 sending message 112 to peer 0x556b28f1f420 (10 bytes)
1690252381.434272 sending message 112 to peer 0x556b28f1f420 (10 bytes)
1690252381.434274 sending message 112 to peer 0x556b28f1f420 (13 bytes)
1690252381.434275 sending message 112 to peer 0x556b28f1f420 (15 bytes)
1690252381.434276 sending message 112 to peer 0x556b28f1f420 (5 bytes)
1690252381.434278 sending message 104 to peer 0x556b28f1f420 (0 bytes)
1690252381.434280 sending message 110 to peer 0x556b28f1f420 (0 bytes)
1690252381.434281 sending message 107 to peer 0x556b28f1f420 (4 bytes)
1690252381.434283 sending message 105 to peer 0x556b28f1f420 (16 bytes)
1690252381.434284 sending message 105 to peer 0x556b28f1f420 (419 bytes)
1690252381.434286 sending message 105 to peer 0x556b28f1f420 (20 bytes)
1690252381.434287 sending message 105 to peer 0x556b28f1f420 (33 bytes)
1690252381.434289 sending message 105 to peer 0x556b28f1f420 (48 bytes)
1690252381.434290 sending message 105 to peer 0x556b28f1f420 (53 bytes)
1690252381.434291 sending message 105 to peer 0x556b28f1f420 (32 bytes)
1690252381.434293 sending message 105 to peer 0x556b28f1f420 (14 bytes)
1690252381.434294 sending message 105 to peer 0x556b28f1f420 (17 bytes)
1690252381.434296 sending message 105 to peer 0x556b28f1f420 (11 bytes)
1690252381.434298 sending message 105 to peer 0x556b28f1f420 (14 bytes)
1690252381.434300 sending message 105 to peer 0x556b28f1f420 (19 bytes)
1690252381.434301 sending message 105 to peer 0x556b28f1f420 (28 bytes)
1690252381.434302 sending message 105 to peer 0x556b28f1f420 (54 bytes)
1690252381.434304 sending message 105 to peer 0x556b28f1f420 (32 bytes)
1690252381.434305 sending message 105 to peer 0x556b28f1f420 (8 bytes)
1690252381.434307 sending message 105 to peer 0x556b28f1f420 (28 bytes)
1690252381.434308 sending message 105 to peer 0x556b28f1f420 (27 bytes)
1690252381.434309 sending message 105 to peer 0x556b28f1f420 (36 bytes)
1690252381.434311 sending message 105 to peer 0x556b28f1f420 (7 bytes)
1690252381.434312 sending message 105 to peer 0x556b28f1f420 (11 bytes)
1690252381.434314 sending message 105 to peer 0x556b28f1f420 (44 bytes)
1690252381.434315 sending message 105 to peer 0x556b28f1f420 (14 bytes)
1690252381.434317 sending message 105 to peer 0x556b28f1f420 (50 bytes)
1690252381.434318 sending message 105 to peer 0x556b28f1f420 (27 bytes)
1690252381.434319 sending message 105 to peer 0x556b28f1f420 (11 bytes)
1690252381.434321 sending message 105 to peer 0x556b28f1f420 (8 bytes)
1690252381.434322 sending message 105 to peer 0x556b28f1f420 (32 bytes)
1690252381.434324 sending message 105 to peer 0x556b28f1f420 (1773 bytes)
1690252381.434329 sending message 105 to peer 0x556b28f1f420 (19 bytes)
1690252381.434330 sending message 105 to peer 0x556b28f1f420 (43 bytes)
1690252381.434332 sending message 105 to peer 0x556b28f1f420 (50 bytes)
1690252381.434333 sending message 105 to peer 0x556b28f1f420 (56 bytes)
1690252381.434335 sending message 105 to peer 0x556b28f1f420 (96 bytes)
1690252381.434336 sending message 105 to peer 0x556b28f1f420 (48 bytes)
1690252381.434337 sending message 105 to peer 0x556b28f1f420 (40 bytes)
1690252381.434339 sending message 105 to peer 0x556b28f1f420 (23 bytes)
1690252381.434340 sending message 105 to peer 0x556b28f1f420 (12 bytes)
1690252381.434341 sending message 105 to peer 0x556b28f1f420 (29 bytes)
1690252381.434343 sending message 105 to peer 0x556b28f1f420 (28 bytes)
1690252381.434344 sending message 105 to peer 0x556b28f1f420 (21 bytes)
1690252381.434345 sending message 105 to peer 0x556b28f1f420 (25 bytes)
1690252381.434347 sending message 105 to peer 0x556b28f1f420 (16 bytes)
1690252381.434348 sending message 105 to peer 0x556b28f1f420 (52 bytes)
1690252381.434350 sending message 105 to peer 0x556b28f1f420 (61 bytes)
1690252381.434351 sending message 105 to peer 0x556b28f1f420 (17 bytes)
1690252381.434352 sending message 105 to peer 0x556b28f1f420 (17 bytes)
1690252381.434354 sending message 106 to peer 0x556b28f1f420 (0 bytes)
1690252381.434374 sending message 200 to peer 0x556b28f1f420 (4 bytes)
1690252381.434376 client loop enter
1690252381.434383 client_signal: Child exited
1690252381.459085 peer 0x556b28f1f420 message 207
1690252381.459093 sending message 208 to peer 0x556b28f1f420 (0 bytes)
1690252385.794873 peer 0x556b28f1f420 message 203
1690252385.794880 sending message 205 to peer 0x556b28f1f420 (0 bytes)
1690252385.795133 peer 0x556b28f1f420 message 204
1690252385.795139 client loop exit
